[0.363s] DEBUG:colcon:Command line arguments: ['/usr/bin/colcon', 'build', '--symlink-install']
[0.363s] DEBUG:colcon:Parsed command line arguments: Namespace(log_base=None, log_level=None, verb_name='build', build_base='build', install_base='install', merge_install=False, symlink_install=True, test_result_base=None, continue_on_error=False, executor='parallel', parallel_workers=8, event_handlers=None, ignore_user_meta=False, metas=['./colcon.meta'], base_paths=['.'], packages_ignore=None, packages_ignore_regex=None, paths=None, packages_up_to=None, packages_up_to_regex=None, packages_above=None, packages_above_and_dependencies=None, packages_above_depth=None, packages_select_by_dep=None, packages_skip_by_dep=None, packages_skip_up_to=None, packages_select_build_failed=False, packages_skip_build_finished=False, packages_select_test_failures=False, packages_skip_test_passed=False, packages_select=None, packages_skip=None, packages_select_regex=None, packages_skip_regex=None, packages_start=None, packages_end=None, allow_overriding=[], cmake_args=None, cmake_target=None, cmake_target_skip_unavailable=False, cmake_clean_cache=False, cmake_clean_first=False, cmake_force_configure=False, ament_cmake_args=None, catkin_cmake_args=None, catkin_skip_building_tests=False, verb_parser=<colcon_defaults.argument_parser.defaults.DefaultArgumentsDecorator object at 0xffff98b53910>, verb_extension=<colcon_core.verb.build.BuildVerb object at 0xffff98b53e50>, main=<bound method BuildVerb.main of <colcon_core.verb.build.BuildVerb object at 0xffff98b53e50>>)
[0.656s] Level 1:colcon.colcon_core.package_discovery:discover_packages(colcon_meta) check parameters
[0.657s] Level 1:colcon.colcon_core.package_discovery:discover_packages(recursive) check parameters
[0.657s] Level 1:colcon.colcon_core.package_discovery:discover_packages(ignore) check parameters
[0.657s] Level 1:colcon.colcon_core.package_discovery:discover_packages(path) check parameters
[0.657s] Level 1:colcon.colcon_core.package_discovery:discover_packages(colcon_meta) discover
[0.657s] Level 1:colcon.colcon_core.package_discovery:discover_packages(recursive) discover
[0.657s] INFO:colcon.colcon_core.package_discovery:Crawling recursively for packages in '/home/kang/Documents/lekiwi_driver'
[0.657s] Level 1:colcon.colcon_core.package_identification:_identify(.) by extensions ['ignore', 'ignore_ament_install']
[0.658s] Level 1:colcon.colcon_core.package_identification:_identify(.) by extension 'ignore'
[0.658s] Level 1:colcon.colcon_core.package_identification:_identify(.) by extension 'ignore_ament_install'
[0.658s] Level 1:colcon.colcon_core.package_identification:_identify(.) by extensions ['colcon_pkg']
[0.658s] Level 1:colcon.colcon_core.package_identification:_identify(.) by extension 'colcon_pkg'
[0.658s] Level 1:colcon.colcon_core.package_identification:_identify(.) by extensions ['colcon_meta']
[0.658s] Level 1:colcon.colcon_core.package_identification:_identify(.) by extension 'colcon_meta'
[0.658s] Level 1:colcon.colcon_core.package_identification:_identify(.) by extensions ['ros']
[0.658s] Level 1:colcon.colcon_core.package_identification:_identify(.) by extension 'ros'
[0.728s] Level 1:colcon.colcon_core.package_identification:_identify(.) by extensions ['cmake', 'python']
[0.729s] Level 1:colcon.colcon_core.package_identification:_identify(.) by extension 'cmake'
[0.729s] Level 1:colcon.colcon_core.package_identification:_identify(.) by extension 'python'
[0.729s] Level 1:colcon.colcon_core.package_identification:_identify(.) by extensions ['python_setup_py']
[0.729s] Level 1:colcon.colcon_core.package_identification:_identify(.) by extension 'python_setup_py'
[0.729s] Level 1:colcon.colcon_core.package_identification:_identify(build) by extensions ['ignore', 'ignore_ament_install']
[0.730s] Level 1:colcon.colcon_core.package_identification:_identify(build) by extension 'ignore'
[0.730s] Level 1:colcon.colcon_core.package_identification:_identify(build) ignored
[0.730s] Level 1:colcon.colcon_core.package_identification:_identify(install) by extensions ['ignore', 'ignore_ament_install']
[0.730s] Level 1:colcon.colcon_core.package_identification:_identify(install) by extension 'ignore'
[0.730s] Level 1:colcon.colcon_core.package_identification:_identify(install) ignored
[0.731s] Level 1:colcon.colcon_core.package_identification:_identify(log) by extensions ['ignore', 'ignore_ament_install']
[0.731s] Level 1:colcon.colcon_core.package_identification:_identify(log) by extension 'ignore'
[0.731s] Level 1:colcon.colcon_core.package_identification:_identify(log) ignored
[0.731s] Level 1:colcon.colcon_core.package_identification:_identify(src) by extensions ['ignore', 'ignore_ament_install']
[0.731s] Level 1:colcon.colcon_core.package_identification:_identify(src) by extension 'ignore'
[0.731s] Level 1:colcon.colcon_core.package_identification:_identify(src) by extension 'ignore_ament_install'
[0.731s] Level 1:colcon.colcon_core.package_identification:_identify(src) by extensions ['colcon_pkg']
[0.732s] Level 1:colcon.colcon_core.package_identification:_identify(src) by extension 'colcon_pkg'
[0.732s] Level 1:colcon.colcon_core.package_identification:_identify(src) by extensions ['colcon_meta']
[0.732s] Level 1:colcon.colcon_core.package_identification:_identify(src) by extension 'colcon_meta'
[0.732s] Level 1:colcon.colcon_core.package_identification:_identify(src) by extensions ['ros']
[0.732s] Level 1:colcon.colcon_core.package_identification:_identify(src) by extension 'ros'
[0.732s] Level 1:colcon.colcon_core.package_identification:_identify(src) by extensions ['cmake', 'python']
[0.732s] Level 1:colcon.colcon_core.package_identification:_identify(src) by extension 'cmake'
[0.732s] Level 1:colcon.colcon_core.package_identification:_identify(src) by extension 'python'
[0.732s] Level 1:colcon.colcon_core.package_identification:_identify(src) by extensions ['python_setup_py']
[0.732s] Level 1:colcon.colcon_core.package_identification:_identify(src) by extension 'python_setup_py'
[0.733s] Level 1:colcon.colcon_core.package_identification:_identify(src/lekiwi_driver) by extensions ['ignore', 'ignore_ament_install']
[0.733s] Level 1:colcon.colcon_core.package_identification:_identify(src/lekiwi_driver) by extension 'ignore'
[0.733s] Level 1:colcon.colcon_core.package_identification:_identify(src/lekiwi_driver) by extension 'ignore_ament_install'
[0.733s] Level 1:colcon.colcon_core.package_identification:_identify(src/lekiwi_driver) by extensions ['colcon_pkg']
[0.733s] Level 1:colcon.colcon_core.package_identification:_identify(src/lekiwi_driver) by extension 'colcon_pkg'
[0.733s] Level 1:colcon.colcon_core.package_identification:_identify(src/lekiwi_driver) by extensions ['colcon_meta']
[0.733s] Level 1:colcon.colcon_core.package_identification:_identify(src/lekiwi_driver) by extension 'colcon_meta'
[0.733s] Level 1:colcon.colcon_core.package_identification:_identify(src/lekiwi_driver) by extensions ['ros']
[0.733s] Level 1:colcon.colcon_core.package_identification:_identify(src/lekiwi_driver) by extension 'ros'
[0.740s] DEBUG:colcon.colcon_core.package_identification:Package 'src/lekiwi_driver' with type 'ros.ament_python' and name 'lekiwi_driver'
[0.740s] Level 1:colcon.colcon_core.package_discovery:discover_packages(recursive) using defaults
[0.741s] Level 1:colcon.colcon_core.package_discovery:discover_packages(ignore) discover
[0.741s] Level 1:colcon.colcon_core.package_discovery:discover_packages(ignore) using defaults
[0.741s] Level 1:colcon.colcon_core.package_discovery:discover_packages(path) discover
[0.741s] Level 1:colcon.colcon_core.package_discovery:discover_packages(path) using defaults
[0.819s] Level 1:colcon.colcon_core.package_discovery:discover_packages(prefix_path) check parameters
[0.819s] Level 1:colcon.colcon_core.package_discovery:discover_packages(prefix_path) discover
[0.827s] DEBUG:colcon.colcon_installed_package_information.package_discovery:Found 1 installed packages in /home/kang/Documents/lekiwi_driver/install
[0.829s] DEBUG:colcon.colcon_installed_package_information.package_discovery:Found 272 installed packages in /opt/ros/humble
[0.831s] Level 1:colcon.colcon_core.package_discovery:discover_packages(prefix_path) using defaults
[0.940s] Level 5:colcon.colcon_core.verb:set package 'lekiwi_driver' build argument 'cmake_args' from command line to 'None'
[0.941s] Level 5:colcon.colcon_core.verb:set package 'lekiwi_driver' build argument 'cmake_target' from command line to 'None'
[0.941s] Level 5:colcon.colcon_core.verb:set package 'lekiwi_driver' build argument 'cmake_target_skip_unavailable' from command line to 'False'
[0.941s] Level 5:colcon.colcon_core.verb:set package 'lekiwi_driver' build argument 'cmake_clean_cache' from command line to 'False'
[0.941s] Level 5:colcon.colcon_core.verb:set package 'lekiwi_driver' build argument 'cmake_clean_first' from command line to 'False'
[0.941s] Level 5:colcon.colcon_core.verb:set package 'lekiwi_driver' build argument 'cmake_force_configure' from command line to 'False'
[0.941s] Level 5:colcon.colcon_core.verb:set package 'lekiwi_driver' build argument 'ament_cmake_args' from command line to 'None'
[0.941s] Level 5:colcon.colcon_core.verb:set package 'lekiwi_driver' build argument 'catkin_cmake_args' from command line to 'None'
[0.941s] Level 5:colcon.colcon_core.verb:set package 'lekiwi_driver' build argument 'catkin_skip_building_tests' from command line to 'False'
[0.941s] DEBUG:colcon.colcon_core.verb:Building package 'lekiwi_driver' with the following arguments: {'ament_cmake_args': None, 'build_base': '/home/kang/Documents/lekiwi_driver/build/lekiwi_driver', 'catkin_cmake_args': None, 'catkin_skip_building_tests': False, 'cmake_args': None, 'cmake_clean_cache': False, 'cmake_clean_first': False, 'cmake_force_configure': False, 'cmake_target': None, 'cmake_target_skip_unavailable': False, 'install_base': '/home/kang/Documents/lekiwi_driver/install/lekiwi_driver', 'merge_install': False, 'path': '/home/kang/Documents/lekiwi_driver/src/lekiwi_driver', 'symlink_install': True, 'test_result_base': None}
[0.942s] INFO:colcon.colcon_core.executor:Executing jobs using 'parallel' executor
[0.944s] DEBUG:colcon.colcon_parallel_executor.executor.parallel:run_until_complete
[0.945s] INFO:colcon.colcon_ros.task.ament_python.build:Building ROS package in '/home/kang/Documents/lekiwi_driver/src/lekiwi_driver' with build type 'ament_python'
[0.945s] Level 1:colcon.colcon_core.shell:create_environment_hook('lekiwi_driver', 'ament_prefix_path')
[0.956s] INFO:colcon.colcon_core.plugin_system:Skipping extension 'colcon_core.shell.bat': Not used on non-Windows systems
[0.957s] INFO:colcon.colcon_core.shell:Creating environment hook '/home/kang/Documents/lekiwi_driver/install/lekiwi_driver/share/lekiwi_driver/hook/ament_prefix_path.ps1'
[0.959s] INFO:colcon.colcon_core.shell:Creating environment descriptor '/home/kang/Documents/lekiwi_driver/install/lekiwi_driver/share/lekiwi_driver/hook/ament_prefix_path.dsv'
[0.961s] INFO:colcon.colcon_core.shell:Creating environment hook '/home/kang/Documents/lekiwi_driver/install/lekiwi_driver/share/lekiwi_driver/hook/ament_prefix_path.sh'
[0.963s] INFO:colcon.colcon_core.shell:Skip shell extension 'powershell' for command environment: Not usable outside of PowerShell
[0.963s] DEBUG:colcon.colcon_core.shell:Skip shell extension 'dsv' for command environment
[1.425s] INFO:colcon.colcon_core.task.python.build:Building Python package in '/home/kang/Documents/lekiwi_driver/src/lekiwi_driver'
[1.426s] INFO:colcon.colcon_core.shell:Skip shell extension 'powershell' for command environment: Not usable outside of PowerShell
[1.426s] DEBUG:colcon.colcon_core.shell:Skip shell extension 'dsv' for command environment
[2.870s] DEBUG:colcon.colcon_core.event_handler.log_command:Invoking command in '/home/kang/Documents/lekiwi_driver/build/lekiwi_driver': PS1=(lerobot) \[\e]0;\u@\h: \w\a\]${debian_chroot:+($debian_chroot)}\[\033[01;32m\]\u@\h\[\033[00m\]:\[\033[01;34m\]\w\[\033[00m\]\$ PYTHONPATH=/home/kang/Documents/lekiwi_driver/build/lekiwi_driver/prefix_override:/home/kang/Documents/lerobot/.venv/lib/python3.10/site-packages/colcon_core/task/python/colcon_distutils_commands:/home/kang/Documents/lekiwi_driver/install/lekiwi_driver/lib/python3.10/site-packages:${PYTHONPATH} /usr/bin/python3 -W ignore:setup.py install is deprecated -W ignore:easy_install command is deprecated setup.py develop --editable --build-directory /home/kang/Documents/lekiwi_driver/build/lekiwi_driver/build --no-deps symlink_data
[4.322s] Level 1:colcon.colcon_core.shell:create_environment_hook('lekiwi_driver', 'pythonpath_develop')
[4.324s] INFO:colcon.colcon_core.shell:Creating environment hook '/home/kang/Documents/lekiwi_driver/build/lekiwi_driver/share/lekiwi_driver/hook/pythonpath_develop.ps1'
[4.326s] DEBUG:colcon.colcon_core.event_handler.log_command:Invoked command in '/home/kang/Documents/lekiwi_driver/build/lekiwi_driver' returned '0': PS1=(lerobot) \[\e]0;\u@\h: \w\a\]${debian_chroot:+($debian_chroot)}\[\033[01;32m\]\u@\h\[\033[00m\]:\[\033[01;34m\]\w\[\033[00m\]\$ PYTHONPATH=/home/kang/Documents/lekiwi_driver/build/lekiwi_driver/prefix_override:/home/kang/Documents/lerobot/.venv/lib/python3.10/site-packages/colcon_core/task/python/colcon_distutils_commands:/home/kang/Documents/lekiwi_driver/install/lekiwi_driver/lib/python3.10/site-packages:${PYTHONPATH} /usr/bin/python3 -W ignore:setup.py install is deprecated -W ignore:easy_install command is deprecated setup.py develop --editable --build-directory /home/kang/Documents/lekiwi_driver/build/lekiwi_driver/build --no-deps symlink_data
[4.328s] INFO:colcon.colcon_core.shell:Creating environment descriptor '/home/kang/Documents/lekiwi_driver/build/lekiwi_driver/share/lekiwi_driver/hook/pythonpath_develop.dsv'
[4.331s] INFO:colcon.colcon_core.shell:Creating environment hook '/home/kang/Documents/lekiwi_driver/build/lekiwi_driver/share/lekiwi_driver/hook/pythonpath_develop.sh'
[4.354s] Level 1:colcon.colcon_core.environment:checking '/home/kang/Documents/lekiwi_driver/install/lekiwi_driver' for CMake module files
[4.356s] Level 1:colcon.colcon_core.environment:checking '/home/kang/Documents/lekiwi_driver/install/lekiwi_driver' for CMake config files
[4.358s] Level 1:colcon.colcon_core.environment:checking '/home/kang/Documents/lekiwi_driver/install/lekiwi_driver/lib'
[4.359s] Level 1:colcon.colcon_core.environment:checking '/home/kang/Documents/lekiwi_driver/install/lekiwi_driver/bin'
[4.359s] Level 1:colcon.colcon_core.environment:checking '/home/kang/Documents/lekiwi_driver/install/lekiwi_driver/lib/pkgconfig/lekiwi_driver.pc'
[4.360s] Level 1:colcon.colcon_core.environment:checking '/home/kang/Documents/lekiwi_driver/install/lekiwi_driver/lib/python3.10/site-packages'
[4.360s] Level 1:colcon.colcon_core.shell:create_environment_hook('lekiwi_driver', 'pythonpath')
[4.361s] INFO:colcon.colcon_core.shell:Creating environment hook '/home/kang/Documents/lekiwi_driver/install/lekiwi_driver/share/lekiwi_driver/hook/pythonpath.ps1'
[4.364s] INFO:colcon.colcon_core.shell:Creating environment descriptor '/home/kang/Documents/lekiwi_driver/install/lekiwi_driver/share/lekiwi_driver/hook/pythonpath.dsv'
[4.366s] INFO:colcon.colcon_core.shell:Creating environment hook '/home/kang/Documents/lekiwi_driver/install/lekiwi_driver/share/lekiwi_driver/hook/pythonpath.sh'
[4.369s] Level 1:colcon.colcon_core.environment:checking '/home/kang/Documents/lekiwi_driver/install/lekiwi_driver/bin'
[4.370s] Level 1:colcon.colcon_core.environment:create_environment_scripts_only(lekiwi_driver)
[4.371s] INFO:colcon.colcon_core.shell:Creating package script '/home/kang/Documents/lekiwi_driver/install/lekiwi_driver/share/lekiwi_driver/package.ps1'
[4.377s] INFO:colcon.colcon_core.shell:Creating package descriptor '/home/kang/Documents/lekiwi_driver/install/lekiwi_driver/share/lekiwi_driver/package.dsv'
[4.381s] INFO:colcon.colcon_core.shell:Creating package script '/home/kang/Documents/lekiwi_driver/install/lekiwi_driver/share/lekiwi_driver/package.sh'
[4.385s] INFO:colcon.colcon_core.shell:Creating package script '/home/kang/Documents/lekiwi_driver/install/lekiwi_driver/share/lekiwi_driver/package.bash'
[4.389s] INFO:colcon.colcon_core.shell:Creating package script '/home/kang/Documents/lekiwi_driver/install/lekiwi_driver/share/lekiwi_driver/package.zsh'
[4.392s] Level 1:colcon.colcon_core.environment:create_file_with_runtime_dependencies(/home/kang/Documents/lekiwi_driver/install/lekiwi_driver/share/colcon-core/packages/lekiwi_driver)
[4.393s] DEBUG:colcon.colcon_parallel_executor.executor.parallel:closing loop
[4.394s] DEBUG:colcon.colcon_parallel_executor.executor.parallel:loop closed
[4.394s] DEBUG:colcon.colcon_parallel_executor.executor.parallel:run_until_complete finished with '0'
[4.395s] DEBUG:colcon.colcon_core.event_reactor:joining thread
[4.423s] INFO:colcon.colcon_core.plugin_system:Skipping extension 'colcon_notification.desktop_notification.terminal_notifier': Not used on non-Darwin systems
[4.423s] INFO:colcon.colcon_core.plugin_system:Skipping extension 'colcon_notification.desktop_notification.win32': Not used on non-Windows systems
[4.423s] INFO:colcon.colcon_notification.desktop_notification:Sending desktop notification using 'notify2'
[4.465s] DEBUG:colcon.colcon_core.event_reactor:joined thread
[4.466s] INFO:colcon.colcon_core.shell:Creating prefix script '/home/kang/Documents/lekiwi_driver/install/local_setup.ps1'
[4.470s] INFO:colcon.colcon_core.shell:Creating prefix util module '/home/kang/Documents/lekiwi_driver/install/_local_setup_util_ps1.py'
[4.476s] INFO:colcon.colcon_core.shell:Creating prefix chain script '/home/kang/Documents/lekiwi_driver/install/setup.ps1'
[4.481s] INFO:colcon.colcon_core.shell:Creating prefix script '/home/kang/Documents/lekiwi_driver/install/local_setup.sh'
[4.483s] INFO:colcon.colcon_core.shell:Creating prefix util module '/home/kang/Documents/lekiwi_driver/install/_local_setup_util_sh.py'
[4.485s] INFO:colcon.colcon_core.shell:Creating prefix chain script '/home/kang/Documents/lekiwi_driver/install/setup.sh'
[4.489s] INFO:colcon.colcon_core.shell:Creating prefix script '/home/kang/Documents/lekiwi_driver/install/local_setup.bash'
[4.491s] INFO:colcon.colcon_core.shell:Creating prefix chain script '/home/kang/Documents/lekiwi_driver/install/setup.bash'
[4.494s] INFO:colcon.colcon_core.shell:Creating prefix script '/home/kang/Documents/lekiwi_driver/install/local_setup.zsh'
[4.496s] INFO:colcon.colcon_core.shell:Creating prefix chain script '/home/kang/Documents/lekiwi_driver/install/setup.zsh'
