[1.238s] Invoking command in '/home/kang/Documents/lekiwi_driver/build/lekiwi_driver': PS1=(lerobot) \[\e]0;\u@\h: \w\a\]${debian_chroot:+($debian_chroot)}\[\033[01;32m\]\u@\h\[\033[00m\]:\[\033[01;34m\]\w\[\033[00m\]\$ PYTHONPATH=/home/kang/Documents/lekiwi_driver/build/lekiwi_driver/prefix_override:/usr/lib/python3/dist-packages/colcon_core/task/python/colcon_distutils_commands:/home/kang/Documents/lekiwi_driver/install/lekiwi_driver/lib/python3.10/site-packages:${PYTHONPATH} /usr/bin/python3 -W ignore:setup.py install is deprecated -W ignore:easy_install command is deprecated setup.py develop --editable --build-directory /home/kang/Documents/lekiwi_driver/build/lekiwi_driver/build --no-deps symlink_data
[1.758s] running develop
[2.063s] running egg_info
[2.063s] creating lekiwi_driver.egg-info
[2.063s] writing lekiwi_driver.egg-info/PKG-INFO
[2.064s] writing dependency_links to lekiwi_driver.egg-info/dependency_links.txt
[2.064s] writing entry points to lekiwi_driver.egg-info/entry_points.txt
[2.064s] writing requirements to lekiwi_driver.egg-info/requires.txt
[2.065s] writing top-level names to lekiwi_driver.egg-info/top_level.txt
[2.065s] writing manifest file 'lekiwi_driver.egg-info/SOURCES.txt'
[2.068s] reading manifest file 'lekiwi_driver.egg-info/SOURCES.txt'
[2.070s] writing manifest file 'lekiwi_driver.egg-info/SOURCES.txt'
[2.073s] running build_ext
[2.073s] Creating /home/kang/Documents/lekiwi_driver/install/lekiwi_driver/lib/python3.10/site-packages/lekiwi-driver.egg-link (link to .)
[2.075s] Installing base_driver script to /home/kang/Documents/lekiwi_driver/install/lekiwi_driver/lib/lekiwi_driver
[2.075s] 
[2.076s] Installed /home/kang/Documents/lekiwi_driver/build/lekiwi_driver
[2.076s] running symlink_data
[2.076s] creating /home/kang/Documents/lekiwi_driver/install/lekiwi_driver/share/ament_index
[2.076s] creating /home/kang/Documents/lekiwi_driver/install/lekiwi_driver/share/ament_index/resource_index
[2.076s] creating /home/kang/Documents/lekiwi_driver/install/lekiwi_driver/share/ament_index/resource_index/packages
[2.076s] symbolically linking /home/kang/Documents/lekiwi_driver/build/lekiwi_driver/resource/lekiwi_driver -> /home/kang/Documents/lekiwi_driver/install/lekiwi_driver/share/ament_index/resource_index/packages
[2.077s] symbolically linking /home/kang/Documents/lekiwi_driver/build/lekiwi_driver/package.xml -> /home/kang/Documents/lekiwi_driver/install/lekiwi_driver/share/lekiwi_driver
[2.158s] Invoked command in '/home/kang/Documents/lekiwi_driver/build/lekiwi_driver' returned '0': PS1=(lerobot) \[\e]0;\u@\h: \w\a\]${debian_chroot:+($debian_chroot)}\[\033[01;32m\]\u@\h\[\033[00m\]:\[\033[01;34m\]\w\[\033[00m\]\$ PYTHONPATH=/home/kang/Documents/lekiwi_driver/build/lekiwi_driver/prefix_override:/usr/lib/python3/dist-packages/colcon_core/task/python/colcon_distutils_commands:/home/kang/Documents/lekiwi_driver/install/lekiwi_driver/lib/python3.10/site-packages:${PYTHONPATH} /usr/bin/python3 -W ignore:setup.py install is deprecated -W ignore:easy_install command is deprecated setup.py develop --editable --build-directory /home/kang/Documents/lekiwi_driver/build/lekiwi_driver/build --no-deps symlink_data
